<?xml version="1.0" encoding="UTF-8"?>
<!-- Generated by org.testng.reporters.JUnitReportReporter -->
<testsuite hostname="DESKTOP-TAJKON5" failures="0" tests="1" name="CucumberOptions.testNGTestRunner" time="27.777" errors="0" timestamp="2023-05-02T20:38:49 IST" skipped="0">
  <testcase classname="CucumberOptions.testNGTestRunner" name="runScenario" time="27.777"/>
  <system-out/>
</testsuite> <!-- CucumberOptions.testNGTestRunner -->
